0x000: ['VSETVLI', 0, 0, '0'] 00007057
0x004: ['VADD.VI', 4, '1', 0, 'v0.t'] 0000b257
0x008: ['NOP'] 00000013
0x00c: ['VADD.VI', 5, '2', 0, 'v0.t'] 000132d7
0x010: ['NOP'] 00000013
0x014: ['VADD.VI', 6, '3', 0, 'v0.t'] 0001b357
0x018: ['NOP'] 00000013
0x01c: ['VADD.VI', 7, '4', 0, 'v0.t'] 000233d7
0x020: ['NOP'] 00000013
0x024: ['VADD.VV', 8, 1, 4, 'v0.t'] 00408457
0x028: ['NOP'] 00000013
0x02c: ['VADD.VV', 9, 2, 5, 'v0.t'] 005104d7
0x030: ['NOP'] 00000013
0x034: ['VADD.VV', 10, 3, 6, 'v0.t'] 00618557
0x038: ['NOP'] 00000013
0x03c: ['VADD.VV', 11, 4, 7, 'v0.t'] 007205d7
0x040: ['NOP'] 00000013
0x044: ['VSUB.VI', 12, '1', 11, 'v0.t'] 08b0b657
0x048: ['NOP'] 00000013
0x04c: ['VSUB.VI', 13, '2', 10, 'v0.t'] 08a136d7
0x050: ['NOP'] 00000013
0x054: ['VSUB.VI', 14, '3', 11, 'v0.t'] 08b1b757
0x058: ['NOP'] 00000013
0x05c: ['VSUB.VI', 15, '4', 10, 'v0.t'] 08a237d7
0x060: ['NOP'] 00000013
0x064: ['VSUB.VV', 16, 12, 11, 'v0.t'] 08b60857
0x068: ['NOP'] 00000013
0x06c: ['VSUB.VV', 17, 13, 12, 'v0.t'] 08c688d7
0x070: ['NOP'] 00000013
0x074: ['VSUB.VV', 18, 14, 13, 'v0.t'] 08d70957
0x078: ['NOP'] 00000013
0x07c: ['VSUB.VV', 19, 15, 14, 'v0.t'] 08e789d7
0x080: ['NOP'] 00000013
0x084: ['VAND.VI', 12, '1', 11, 'v0.t'] 24b0b657
0x088: ['NOP'] 00000013
0x08c: ['VAND.VI', 13, '2', 10, 'v0.t'] 24a136d7
0x090: ['NOP'] 00000013
0x094: ['VAND.VI', 14, '3', 11, 'v0.t'] 24b1b757
0x098: ['NOP'] 00000013
0x09c: ['VAND.VI', 15, '4', 10, 'v0.t'] 24a237d7
0x0a0: ['NOP'] 00000013
0x0a4: ['VAND.VV', 16, 12, 11, 'v0.t'] 24b60857
0x0a8: ['NOP'] 00000013
0x0ac: ['VAND.VV', 17, 13, 12, 'v0.t'] 24c688d7
0x0b0: ['NOP'] 00000013
0x0b4: ['VAND.VV', 18, 14, 13, 'v0.t'] 24d70957
0x0b8: ['NOP'] 00000013
0x0bc: ['VAND.VV', 19, 15, 14, 'v0.t'] 24e789d7
0x0c0: ['NOP'] 00000013
0x0c4: ['VOR.VI', 12, '1', 11, 'v0.t'] 28b0b657
0x0c8: ['NOP'] 00000013
0x0cc: ['VOR.VI', 13, '2', 10, 'v0.t'] 28a136d7
0x0d0: ['NOP'] 00000013
0x0d4: ['VOR.VI', 14, '3', 11, 'v0.t'] 28b1b757
0x0d8: ['NOP'] 00000013
0x0dc: ['VOR.VI', 15, '4', 10, 'v0.t'] 28a237d7
0x0e0: ['NOP'] 00000013
0x0e4: ['VOR.VV', 16, 12, 11, 'v0.t'] 28b60857
0x0e8: ['NOP'] 00000013
0x0ec: ['VOR.VV', 17, 13, 12, 'v0.t'] 28c688d7
0x0f0: ['NOP'] 00000013
0x0f4: ['VOR.VV', 18, 14, 13, 'v0.t'] 28d70957
0x0f8: ['NOP'] 00000013
0x0fc: ['VOR.VV', 19, 15, 14, 'v0.t'] 28e789d7
0x100: ['NOP'] 00000013
0x104: ['VSLL.VI', 12, '1', 11, 'v0.t'] 94b0b657
0x108: ['NOP'] 00000013
0x10c: ['VSLL.VI', 13, '2', 10, 'v0.t'] 94a136d7
0x110: ['NOP'] 00000013
0x114: ['VSLL.VI', 14, '3', 11, 'v0.t'] 94b1b757
0x118: ['NOP'] 00000013
0x11c: ['VSLL.VI', 15, '4', 10, 'v0.t'] 94a237d7
0x120: ['NOP'] 00000013
0x124: ['VSLL.VV', 16, 12, 11, 'v0.t'] 94b60857
0x128: ['NOP'] 00000013
0x12c: ['VSLL.VV', 17, 13, 12, 'v0.t'] 94c688d7
0x130: ['NOP'] 00000013
0x134: ['VSLL.VV', 18, 14, 13, 'v0.t'] 94d70957
0x138: ['NOP'] 00000013
0x13c: ['VSLL.VV', 19, 15, 14, 'v0.t'] 94e789d7
0x140: ['NOP'] 00000013
0x144: ['VSRL.VI', 12, '1', 11, 'v0.t'] a0b0b657
0x148: ['NOP'] 00000013
0x14c: ['VSRL.VI', 13, '2', 10, 'v0.t'] a0a136d7
0x150: ['NOP'] 00000013
0x154: ['VSRL.VI', 14, '3', 11, 'v0.t'] a0b1b757
0x158: ['NOP'] 00000013
0x15c: ['VSRL.VI', 15, '4', 10, 'v0.t'] a0a237d7
0x160: ['NOP'] 00000013
0x164: ['VSRL.VV', 16, 12, 11, 'v0.t'] a0b60857
0x168: ['NOP'] 00000013
0x16c: ['VSRL.VV', 17, 13, 12, 'v0.t'] a0c688d7
0x170: ['NOP'] 00000013
0x174: ['VSRL.VV', 18, 14, 13, 'v0.t'] a0d70957
0x178: ['NOP'] 00000013
0x17c: ['VSRL.VV', 19, 15, 14, 'v0.t'] a0e789d7
0x180: ['NOP'] 00000013
0x184: ['VSRA.VI', 12, '1', 11, 'v0.t'] a4b0b657
0x188: ['NOP'] 00000013
0x18c: ['VSRA.VI', 13, '2', 10, 'v0.t'] a4a136d7
0x190: ['NOP'] 00000013
0x194: ['VSRA.VI', 14, '3', 11, 'v0.t'] a4b1b757
0x198: ['NOP'] 00000013
0x19c: ['VSRA.VI', 15, '4', 10, 'v0.t'] a4a237d7
0x1a0: ['NOP'] 00000013
0x1a4: ['VSRA.VV', 16, 12, 11, 'v0.t'] a4b60857
0x1a8: ['NOP'] 00000013
0x1ac: ['VSRA.VV', 17, 13, 12, 'v0.t'] a4c688d7
0x1b0: ['NOP'] 00000013
0x1b4: ['VSRA.VV', 18, 14, 13, 'v0.t'] a4d70957
0x1b8: ['NOP'] 00000013
0x1bc: ['VSRA.VV', 19, 15, 14, 'v0.t'] a4e789d7
0x1c0: ['NOP'] 00000013
0x1c4: ['VMIN.VV', 16, 12, 11, 'v0.t'] 14b60857
0x1c8: ['NOP'] 00000013
0x1cc: ['VMIN.VV', 17, 13, 12, 'v0.t'] 14c688d7
0x1d0: ['NOP'] 00000013
0x1d4: ['VMIN.VV', 18, 14, 13, 'v0.t'] 14d70957
0x1d8: ['NOP'] 00000013
0x1dc: ['VMIN.VV', 19, 15, 14, 'v0.t'] 14e789d7
0x1e0: ['NOP'] 00000013
0x1e4: ['VMAX.VV', 16, 12, 11, 'v0.t'] 1cb60857
0x1e8: ['NOP'] 00000013
0x1ec: ['VMAX.VV', 17, 13, 12, 'v0.t'] 1cc688d7
0x1f0: ['NOP'] 00000013
0x1f4: ['VMAX.VV', 18, 14, 13, 'v0.t'] 1cd70957
0x1f8: ['NOP'] 00000013
0x1fc: ['VMAX.VV', 19, 15, 14, 'v0.t'] 1ce789d7
0x200: ['NOP'] 00000013
0x204: ['VSETVLI', 0, 0, '17'] 01107057
0x208: ['NOP'] 00000013
0x20c: ['VSLIDEUP.VI', 8, '5', 8, 'v0.t'] 3882b457
0x210: ['NOP'] 00000013
0x214: ['VSLIDEUP.VI', 9, '5', 9, 'v0.t'] 3892b4d7
0x218: ['NOP'] 00000013
0x21c: ['VSLIDEUP.VI', 10, '5', 10, 'v0.t'] 38a2b557
0x220: ['NOP'] 00000013
0x224: ['VSLIDEUP.VI', 11, '5', 11, 'v0.t'] 38b2b5d7
0x228: ['NOP'] 00000013
0x22c: ['VOR.VI', 8, '10', 4, 'v0.t'] 28453457
0x230: ['NOP'] 00000013
0x234: ['VADD.VV', 12, 8, 4, 'v0.t'] 00440657
0x238: ['NOP'] 00000013
0x23c: ['VSLIDEDOWN.VI', 16, '2', 4, 'v0.t'] 3c413857
0x240: ['NOP'] 00000013
0x244: ['VADD.VV', 20, 16, 16, 'v0.t'] 01080a57
0x248: ['NOP'] 00000013
0x24c: ['VSLIDEDOWN.VI', 16, '1', 16, 'v0.t'] 3d00b857
0x250: ['NOP'] 00000013
0x254: ['VSETVLI', 0, 0, '2'] 00207057
0x258: ['NOP'] 00000013
0x25c: ['VOR.VI', 8, '10', 4, 'v0.t'] 28453457
0x260: ['NOP'] 00000013
0x264: ['VADD.VV', 12, 8, 4, 'v0.t'] 00440657
0x268: ['NOP'] 00000013
0x26c: ['VSLIDEUP.VI', 16, '2', 4, 'v0.t'] 38413857
0x270: ['NOP'] 00000013
0x274: ['VADD.VV', 20, 16, 16, 'v0.t'] 01080a57
0x278: ['NOP'] 00000013
0x27c: ['VSLIDEUP.VI', 16, '4', 4, 'v0.t'] 38423857
0x280: ['NOP'] 00000013
0x284: ['NOP'] 00000013
0x288: ['NOP'] 00000013
0x28c: ['NOP'] 00000013
