0x000: ['VADD.VI', 4, '8', 0] 02043257
0x004: ['NOP'] 00000013
0x008: ['VADD.VI', 8, '9', 0] 0204b457
0x00c: ['NOP'] 00000013
0x010: ['ADDI', 1, 0, '61'] 03d00093
0x014: ['VADD.VV', 12, 4, 8] 02820657
0x018: ['NOP'] 00000013
0x01c: ['VADD.VI', 4, '6', 0] 02033257
0x020: ['NOP'] 00000013
0x024: ['ADDI', 2, 1, '62'] 03e08113
0x028: ['VADD.VI', 8, '7', 0] 0203b457
0x02c: ['NOP'] 00000013
0x030: ['VSUB.VV', 12, 4, 8] 0a820657
0x034: ['NOP'] 00000013
0x038: ['VADD.VI', 16, '21', 0] 020ab857
0x03c: ['NOP'] 00000013
0x040: ['VADD.VI', 20, '20', 0] 020a3a57
0x044: ['NOP'] 00000013
0x048: ['ADDI', 3, 0, '63'] 03f00193
0x04c: ['ADDI', 4, 0, '64'] 04000213
0x050: ['VAND.VV', 24, 16, 20] 27480c57
0x054: ['NOP'] 00000013
0x058: ['VOR.VV', 24, 16, 20] 2b480c57
0x05c: ['NOP'] 00000013
0x060: ['VAND.VV', 24, 16, 20] 27480c57
0x064: ['NOP'] 00000013
0x068: ['VADD.VI', 28, '2', 0] 02013e57
0x06c: ['NOP'] 00000013
0x070: ['VADD.VI', 29, '1', 0] 0200bed7
0x074: ['NOP'] 00000013
0x078: ['ADDI', 5, 1, '1'] 00108293
0x07c: ['VSLL.VI', 30, '2', 28] 97c13f57
0x080: ['NOP'] 00000013
0x084: ['ADDI', 6, 2, '1'] 00110313
0x088: ['VSLL.VV', 31, 28, 29] 97de0fd7
0x08c: ['NOP'] 00000013
0x090: ['VADD.VI', 28, '8', 0] 02043e57
0x094: ['NOP'] 00000013
0x098: ['VADD.VI', 29, '1', 0] 0200bed7
0x09c: ['NOP'] 00000013
0x0a0: ['VSRL.VI', 30, '2', 28] a3c13f57
0x0a4: ['NOP'] 00000013
0x0a8: ['VSRL.VV', 31, 28, 29] a3de0fd7
0x0ac: ['NOP'] 00000013
0x0b0: ['VMIN.VV', 12, 4, 8] 16820657
0x0b4: ['NOP'] 00000013
0x0b8: ['VMAX.VV', 12, 4, 8] 1e820657
0x0bc: ['NOP'] 00000013
0x0c0: ['VMUL.VV', 12, 4, 8] 96822657
0x0c4: ['NOP'] 00000013
0x0c8: ['VADD.VI', 4, '31', 0] 020fb257
0x0cc: ['NOP'] 00000013
0x0d0: ['ADDI', 8, 0, '2'] 00200413
0x0d4: ['NOP'] 00000013
0x0d8: ['NOP'] 00000013
0x0dc: ['NOP'] 00000013
0x0e0: ['NOP'] 00000013
0x0e4: ['VSLIDE1DOWN.VX', 12, 8, 4] 3e446657
0x0e8: ['NOP'] 00000013
0x0ec: ['VADD.VI', 4, '8', 0] 02043257
0x0f0: ['NOP'] 00000013
0x0f4: ['ADDI', 8, 0, '9'] 00900413
0x0f8: ['NOP'] 00000013
0x0fc: ['NOP'] 00000013
0x100: ['NOP'] 00000013
0x104: ['NOP'] 00000013
0x108: ['VSLIDE1UP.VX', 12, 8, 4] 3a446657
0x10c: ['NOP'] 00000013
0x110: ['VADD.VI', 4, '8', 0] 02043257
0x114: ['NOP'] 00000013
0x118: ['ADDI', 8, 0, '9'] 00900413
0x11c: ['NOP'] 00000013
0x120: ['NOP'] 00000013
0x124: ['NOP'] 00000013
0x128: ['NOP'] 00000013
0x12c: ['VSLIDEUP.VX', 12, 8, 4] 3a444657
0x130: ['NOP'] 00000013
0x134: ['VSLIDEUP.VI', 16, '9', 4] 3a44b857
0x138: ['NOP'] 00000013
0x13c: ['VADD.VI', 4, '31', 0] 020fb257
0x140: ['NOP'] 00000013
0x144: ['ADDI', 8, 0, '4'] 00400413
0x148: ['NOP'] 00000013
0x14c: ['NOP'] 00000013
0x150: ['NOP'] 00000013
0x154: ['NOP'] 00000013
0x158: ['VSLIDEDOWN.VX', 12, 8, 4] 3e444657
0x15c: ['NOP'] 00000013
0x160: ['VSLIDEDOWN.VI', 16, '4', 4] 3e423857
0x164: ['NOP'] 00000013
0x168: ['VADD.VI', 4, '31', 0] 020fb257
0x16c: ['NOP'] 00000013
0x170: ['VADD.VI', 8, '4', 0] 02023457
0x174: ['NOP'] 00000013
0x178: ['VREDMAX.VS', 12, 4, 8] 1e822657
0x17c: ['NOP'] 00000013
0x180: ['VREDSUM.VS', 12, 4, 8] 02822657
0x184: ['NOP'] 00000013
